<?xml version="1.0" encoding="UTF-8"?>
<!-- Generated by org.testng.reporters.JUnitReportReporter -->
<testsuite hostname="LAPTOP-89D94ORM" failures="0" tests="2" name="mavenjavaone.mavenjavaone.RestapiTest" time="0.015" errors="0" timestamp="2022-01-08T15:40:16 GMT" skipped="0">
  <testcase classname="mavenjavaone.mavenjavaone.RestapiTest" name="setrestapidata" time="0.001"/>
  <system-out/>
  <testcase classname="mavenjavaone.mavenjavaone.RestapiTest" name="getrestapidata" time="0.014"/>
  <system-out/>
</testsuite> <!-- mavenjavaone.mavenjavaone.RestapiTest -->
