<?xml version="1.0" encoding="UTF-8"?>
<!-- Generated by org.testng.reporters.JUnitReportReporter -->
<testsuite hostname="LAPTOP-89D94ORM" failures="0" tests="2" name="mavenjavaone.mavenjavaone.SeleniumTest" time="0.013" errors="0" timestamp="2022-01-08T17:36:00 GMT" skipped="0">
  <testcase classname="mavenjavaone.mavenjavaone.SeleniumTest" name="setdataselenium" time="0.001"/>
  <system-out/>
  <testcase classname="mavenjavaone.mavenjavaone.SeleniumTest" name="getdataselenium" time="0.012"/>
  <system-out/>
</testsuite> <!-- mavenjavaone.mavenjavaone.SeleniumTest -->
