<?xml version="1.0" encoding="UTF-8"?>
<!-- Generated by org.testng.reporters.JUnitReportReporter -->
<testsuite hostname="LAPTOP-89D94ORM" failures="0" tests="2" name="mavenjavaone.mavenjavaone.AppiumTest" time="0.011" errors="0" timestamp="28 Dec 2021 17:15:16 GMT">
  <testcase classname="mavenjavaone.mavenjavaone.AppiumTest" name="setappiumdata" time="0.001"/>
  <testcase classname="mavenjavaone.mavenjavaone.AppiumTest" name="getappiumdata" time="0.010"/>
</testsuite> <!-- mavenjavaone.mavenjavaone.AppiumTest -->
