<?xml version="1.0" encoding="UTF-8"?>
<!-- Generated by org.testng.reporters.JUnitReportReporter -->
<testsuite hostname="LAPTOP-89D94ORM" failures="0" tests="2" name="mavenjavaone.mavenjavaone.SeleniumTest" time="0.000" errors="0" timestamp="28 Dec 2021 17:15:16 GMT">
  <testcase classname="mavenjavaone.mavenjavaone.SeleniumTest" name="getdataselenium" time="0.000"/>
  <testcase classname="mavenjavaone.mavenjavaone.SeleniumTest" name="setdataselenium" time="0.000"/>
</testsuite> <!-- mavenjavaone.mavenjavaone.SeleniumTest -->
